# JRE version: Java(TM) SE Runtime Environment (8.0_25-b17) (build 1.8.0_25-b17)
# Java VM: Java HotSpot(TM) 64-Bit Server VM (25.25-b02 mixed mode linux-amd64 compressed oops)
Heap:
 PSYoungGen      total 57856K, used 26101K [0x00000000f5900000, 0x00000000faf80000, 0x0000000100000000)
  eden space 31744K, 0% used [0x00000000f5900000,0x00000000f5900000,0x00000000f7800000)
  from space 26112K, 99% used [0x00000000f7800000,0x00000000f917d7a0,0x00000000f9180000)
  to   space 23040K, 0% used [0x00000000f9180000,0x00000000f9180000,0x00000000fa800000)
 ParOldGen       total 95744K, used 77638K [0x00000000e0a00000, 0x00000000e6780000, 0x00000000f5900000)
  object space 95744K, 81% used [0x00000000e0a00000,0x00000000e55d18e0,0x00000000e6780000)
 Metaspace       used 3866K, capacity 4614K, committed 4864K, reserved 1056768K
  class space    used 408K, capacity 430K, committed 512K, reserved 1048576K
GC Heap History (10 events):
Event: 9,370 GC heap after
Heap after GC invocations=7 (full 2):
 PSYoungGen      total 18432K, used 1018K [0x00000000f5900000, 0x00000000f8d80000, 0x0000000100000000)
  eden space 17408K, 0% used [0x00000000f5900000,0x00000000f5900000,0x00000000f6a00000)
  from space 1024K, 99% used [0x00000000f6a00000,0x00000000f6afe828,0x00000000f6b00000)
  to   space 11264K, 0% used [0x00000000f8280000,0x00000000f8280000,0x00000000f8d80000)
 ParOldGen       total 59904K, used 33528K [0x00000000e0a00000, 0x00000000e4480000, 0x00000000f5900000)
  object space 59904K, 55% used [0x00000000e0a00000,0x00000000e2abe078,0x00000000e4480000)
 Metaspace       used 3864K, capacity 4614K, committed 4864K, reserved 1056768K
  class space    used 408K, capacity 430K, committed 512K, reserved 1048576K
}
Event: 9,430 GC heap before
{Heap before GC invocations=8 (full 2):
 PSYoungGen      total 18432K, used 18426K [0x00000000f5900000, 0x00000000f8d80000, 0x0000000100000000)
  eden space 17408K, 100% used [0x00000000f5900000,0x00000000f6a00000,0x00000000f6a00000)
  from space 1024K, 99% used [0x00000000f6a00000,0x00000000f6afe828,0x00000000f6b00000)
  to   space 11264K, 0% used [0x00000000f8280000,0x00000000f8280000,0x00000000f8d80000)
 ParOldGen       total 59904K, used 33528K [0x00000000e0a00000, 0x00000000e4480000, 0x00000000f5900000)
  object space 59904K, 55% used [0x00000000e0a00000,0x00000000e2abe078,0x00000000e4480000)
 Metaspace       used 3864K, capacity 4614K, committed 4864K, reserved 1056768K
  class space    used 408K, capacity 430K, committed 512K, reserved 1048576K
Event: 9,471 GC heap after
Heap after GC invocations=8 (full 2):
 PSYoungGen      total 35328K, used 11259K [0x00000000f5900000, 0x00000000f8d80000, 0x0000000100000000)
  eden space 24064K, 0% used [0x00000000f5900000,0x00000000f5900000,0x00000000f7080000)
  from space 11264K, 99% used [0x00000000f8280000,0x00000000f8d7ee18,0x00000000f8d80000)
  to   space 13824K, 0% used [0x00000000f7280000,0x00000000f7280000,0x00000000f8000000)
 ParOldGen       total 59904K, used 35304K [0x00000000e0a00000, 0x00000000e4480000, 0x00000000f5900000)
  object space 59904K, 58% used [0x00000000e0a00000,0x00000000e2c7a078,0x00000000e4480000)
 Metaspace       used 3864K, capacity 4614K, committed 4864K, reserved 1056768K
  class space    used 408K, capacity 430K, committed 512K, reserved 1048576K
}
Event: 9,557 GC heap before
{Heap before GC invocations=9 (full 2):
 PSYoungGen      total 35328K, used 35323K [0x00000000f5900000, 0x00000000f8d80000, 0x0000000100000000)
  eden space 24064K, 100% used [0x00000000f5900000,0x00000000f7080000,0x00000000f7080000)
  from space 11264K, 99% used [0x00000000f8280000,0x00000000f8d7ee18,0x00000000f8d80000)
  to   space 13824K, 0% used [0x00000000f7280000,0x00000000f7280000,0x00000000f8000000)
 ParOldGen       total 59904K, used 35304K [0x00000000e0a00000, 0x00000000e4480000, 0x00000000f5900000)
  object space 59904K, 58% used [0x00000000e0a00000,0x00000000e2c7a078,0x00000000e4480000)
 Metaspace       used 3864K, capacity 4614K, committed 4864K, reserved 1056768K
  class space    used 408K, capacity 430K, committed 512K, reserved 1048576K
Event: 9,630 GC heap after
Heap after GC invocations=9 (full 2):
 PSYoungGen      total 39936K, used 13817K [0x00000000f5900000, 0x00000000fa800000, 0x0000000100000000)
  eden space 26112K, 0% used [0x00000000f5900000,0x00000000f5900000,0x00000000f7280000)
  from space 13824K, 99% used [0x00000000f7280000,0x00000000f7ffe520,0x00000000f8000000)
  to   space 23040K, 0% used [0x00000000f9180000,0x00000000f9180000,0x00000000fa800000)
 ParOldGen       total 59904K, used 49344K [0x00000000e0a00000, 0x00000000e4480000, 0x00000000f5900000)
  object space 59904K, 82% used [0x00000000e0a00000,0x00000000e3a30078,0x00000000e4480000)
 Metaspace       used 3864K, capacity 4614K, committed 4864K, reserved 1056768K
  class space    used 408K, capacity 430K, committed 512K, reserved 1048576K
}
Event: 9,630 GC heap before
{Heap before GC invocations=10 (full 3):
 PSYoungGen      total 39936K, used 13817K [0x00000000f5900000, 0x00000000fa800000, 0x0000000100000000)
  eden space 26112K, 0% used [0x00000000f5900000,0x00000000f5900000,0x00000000f7280000)
  from space 13824K, 99% used [0x00000000f7280000,0x00000000f7ffe520,0x00000000f8000000)
  to   space 23040K, 0% used [0x00000000f9180000,0x00000000f9180000,0x00000000fa800000)
 ParOldGen       total 59904K, used 49344K [0x00000000e0a00000, 0x00000000e4480000, 0x00000000f5900000)
  object space 59904K, 82% used [0x00000000e0a00000,0x00000000e3a30078,0x00000000e4480000)
 Metaspace       used 3864K, capacity 4614K, committed 4864K, reserved 1056768K
  class space    used 408K, capacity 430K, committed 512K, reserved 1048576K
Event: 9,863 GC heap after
Heap after GC invocations=10 (full 3):
 PSYoungGen      total 39936K, used 3571K [0x00000000f5900000, 0x00000000fa800000, 0x0000000100000000)
  eden space 26112K, 0% used [0x00000000f5900000,0x00000000f5900000,0x00000000f7280000)
  from space 13824K, 25% used [0x00000000f7280000,0x00000000f75fcea0,0x00000000f8000000)
  to   space 23040K, 0% used [0x00000000f9180000,0x00000000f9180000,0x00000000fa800000)
 ParOldGen       total 95744K, used 59446K [0x00000000e0a00000, 0x00000000e6780000, 0x00000000f5900000)
  object space 95744K, 62% used [0x00000000e0a00000,0x00000000e440d8e0,0x00000000e6780000)
 Metaspace       used 3864K, capacity 4614K, committed 4864K, reserved 1056768K
  class space    used 408K, capacity 430K, committed 512K, reserved 1048576K
}
Event: 9,972 GC heap before
{Heap before GC invocations=11 (full 3):
 PSYoungGen      total 39936K, used 29683K [0x00000000f5900000, 0x00000000fa800000, 0x0000000100000000)
  eden space 26112K, 100% used [0x00000000f5900000,0x00000000f7280000,0x00000000f7280000)
  from space 13824K, 25% used [0x00000000f7280000,0x00000000f75fcea0,0x00000000f8000000)
  to   space 23040K, 0% used [0x00000000f9180000,0x00000000f9180000,0x00000000fa800000)
 ParOldGen       total 95744K, used 59446K [0x00000000e0a00000, 0x00000000e6780000, 0x00000000f5900000)
  object space 95744K, 62% used [0x00000000e0a00000,0x00000000e440d8e0,0x00000000e6780000)
 Metaspace       used 3864K, capacity 4614K, committed 4864K, reserved 1056768K
  class space    used 408K, capacity 430K, committed 512K, reserved 1048576K
Event: 10,050 GC heap after
Heap after GC invocations=11 (full 3):
 PSYoungGen      total 54784K, used 21685K [0x00000000f5900000, 0x00000000faf80000, 0x0000000100000000)
  eden space 31744K, 0% used [0x00000000f5900000,0x00000000f5900000,0x00000000f7800000)
  from space 23040K, 94% used [0x00000000f9180000,0x00000000fa6ad7a0,0x00000000fa800000)
  to   space 26112K, 0% used [0x00000000f7800000,0x00000000f7800000,0x00000000f9180000)
 ParOldGen       total 95744K, used 59446K [0x00000000e0a00000, 0x00000000e6780000, 0x00000000f5900000)
  object space 95744K, 62% used [0x00000000e0a00000,0x00000000e440d8e0,0x00000000e6780000)
 Metaspace       used 3864K, capacity 4614K, committed 4864K, reserved 1056768K
  class space    used 408K, capacity 430K, committed 512K, reserved 1048576K
}
Event: 10,122 GC heap before
{Heap before GC invocations=12 (full 3):
 PSYoungGen      total 54784K, used 53429K [0x00000000f5900000, 0x00000000faf80000, 0x0000000100000000)
  eden space 31744K, 100% used [0x00000000f5900000,0x00000000f7800000,0x00000000f7800000)
  from space 23040K, 94% used [0x00000000f9180000,0x00000000fa6ad7a0,0x00000000fa800000)
  to   space 26112K, 0% used [0x00000000f7800000,0x00000000f7800000,0x00000000f9180000)
 ParOldGen       total 95744K, used 59446K [0x00000000e0a00000, 0x00000000e6780000, 0x00000000f5900000)
  object space 95744K, 62% used [0x00000000e0a00000,0x00000000e440d8e0,0x00000000e6780000)
 Metaspace       used 3866K, capacity 4614K, committed 4864K, reserved 1056768K
  class space    used 408K, capacity 430K, committed 512K, reserved 1048576K

