# JRE version: Java(TM) SE Runtime Environment (8.0_25-b17) (build 1.8.0_25-b17)
# Java VM: Java HotSpot(TM) 64-Bit Server VM (25.25-b02 mixed mode linux-amd64 compressed oops)
Heap:
 PSYoungGen      total 64512K, used 23483K [0x00000000f5900000, 0x00000000fd780000, 0x0000000100000000)
  eden space 28672K, 0% used [0x00000000f5900000,0x00000000f5900000,0x00000000f7500000)
  from space 35840K, 65% used [0x00000000fa100000,0x00000000fb7eefb8,0x00000000fc400000)
  to   space 45056K, 0% used [0x00000000f7500000,0x00000000f7500000,0x00000000fa100000)
 ParOldGen       total 97792K, used 97575K [0x00000000e0a00000, 0x00000000e6980000, 0x00000000f5900000)
  object space 97792K, 99% used [0x00000000e0a00000,0x00000000e6949f30,0x00000000e6980000)
 Metaspace       used 3869K, capacity 4614K, committed 4864K, reserved 1056768K
  class space    used 408K, capacity 430K, committed 512K, reserved 1048576K
GC Heap History (10 events):
Event: 8,253 GC heap after
Heap after GC invocations=9 (full 2):
 PSYoungGen      total 40448K, used 13817K [0x00000000f5900000, 0x00000000fa580000, 0x0000000100000000)
  eden space 26624K, 0% used [0x00000000f5900000,0x00000000f5900000,0x00000000f7300000)
  from space 13824K, 99% used [0x00000000f7300000,0x00000000f807e520,0x00000000f8080000)
  to   space 23040K, 0% used [0x00000000f8f00000,0x00000000f8f00000,0x00000000fa580000)
 ParOldGen       total 60416K, used 48428K [0x00000000e0a00000, 0x00000000e4500000, 0x00000000f5900000)
  object space 60416K, 80% used [0x00000000e0a00000,0x00000000e394b3d8,0x00000000e4500000)
 Metaspace       used 3866K, capacity 4614K, committed 4864K, reserved 1056768K
  class space    used 408K, capacity 430K, committed 512K, reserved 1048576K
}
Event: 8,253 GC heap before
{Heap before GC invocations=10 (full 3):
 PSYoungGen      total 40448K, used 13817K [0x00000000f5900000, 0x00000000fa580000, 0x0000000100000000)
  eden space 26624K, 0% used [0x00000000f5900000,0x00000000f5900000,0x00000000f7300000)
  from space 13824K, 99% used [0x00000000f7300000,0x00000000f807e520,0x00000000f8080000)
  to   space 23040K, 0% used [0x00000000f8f00000,0x00000000f8f00000,0x00000000fa580000)
 ParOldGen       total 60416K, used 48428K [0x00000000e0a00000, 0x00000000e4500000, 0x00000000f5900000)
  object space 60416K, 80% used [0x00000000e0a00000,0x00000000e394b3d8,0x00000000e4500000)
 Metaspace       used 3866K, capacity 4614K, committed 4864K, reserved 1056768K
  class space    used 408K, capacity 430K, committed 512K, reserved 1048576K
Event: 8,458 GC heap after
Heap after GC invocations=10 (full 3):
 PSYoungGen      total 40448K, used 2038K [0x00000000f5900000, 0x00000000fa580000, 0x0000000100000000)
  eden space 26624K, 0% used [0x00000000f5900000,0x00000000f5900000,0x00000000f7300000)
  from space 13824K, 14% used [0x00000000f7300000,0x00000000f74fd830,0x00000000f8080000)
  to   space 23040K, 0% used [0x00000000f8f00000,0x00000000f8f00000,0x00000000fa580000)
 ParOldGen       total 97792K, used 60079K [0x00000000e0a00000, 0x00000000e6980000, 0x00000000f5900000)
  object space 97792K, 61% used [0x00000000e0a00000,0x00000000e44abf58,0x00000000e6980000)
 Metaspace       used 3866K, capacity 4614K, committed 4864K, reserved 1056768K
  class space    used 408K, capacity 430K, committed 512K, reserved 1048576K
}
Event: 8,517 GC heap before
{Heap before GC invocations=11 (full 3):
 PSYoungGen      total 40448K, used 28662K [0x00000000f5900000, 0x00000000fa580000, 0x0000000100000000)
  eden space 26624K, 100% used [0x00000000f5900000,0x00000000f7300000,0x00000000f7300000)
  from space 13824K, 14% used [0x00000000f7300000,0x00000000f74fd830,0x00000000f8080000)
  to   space 23040K, 0% used [0x00000000f8f00000,0x00000000f8f00000,0x00000000fa580000)
 ParOldGen       total 97792K, used 60079K [0x00000000e0a00000, 0x00000000e6980000, 0x00000000f5900000)
  object space 97792K, 61% used [0x00000000e0a00000,0x00000000e44abf58,0x00000000e6980000)
 Metaspace       used 3866K, capacity 4614K, committed 4864K, reserved 1056768K
  class space    used 408K, capacity 430K, committed 512K, reserved 1048576K
Event: 8,577 GC heap after
Heap after GC invocations=11 (full 3):
 PSYoungGen      total 52736K, used 20501K [0x00000000f5900000, 0x00000000fae80000, 0x0000000100000000)
  eden space 29696K, 0% used [0x00000000f5900000,0x00000000f5900000,0x00000000f7600000)
  from space 23040K, 88% used [0x00000000f8f00000,0x00000000fa3057a0,0x00000000fa580000)
  to   space 25600K, 0% used [0x00000000f7600000,0x00000000f7600000,0x00000000f8f00000)
 ParOldGen       total 97792K, used 60079K [0x00000000e0a00000, 0x00000000e6980000, 0x00000000f5900000)
  object space 97792K, 61% used [0x00000000e0a00000,0x00000000e44abf58,0x00000000e6980000)
 Metaspace       used 3866K, capacity 4614K, committed 4864K, reserved 1056768K
  class space    used 408K, capacity 430K, committed 512K, reserved 1048576K
}
Event: 8,634 GC heap before
{Heap before GC invocations=12 (full 3):
 PSYoungGen      total 52736K, used 50197K [0x00000000f5900000, 0x00000000fae80000, 0x0000000100000000)
  eden space 29696K, 100% used [0x00000000f5900000,0x00000000f7600000,0x00000000f7600000)
  from space 23040K, 88% used [0x00000000f8f00000,0x00000000fa3057a0,0x00000000fa580000)
  to   space 25600K, 0% used [0x00000000f7600000,0x00000000f7600000,0x00000000f8f00000)
 ParOldGen       total 97792K, used 60079K [0x00000000e0a00000, 0x00000000e6980000, 0x00000000f5900000)
  object space 97792K, 61% used [0x00000000e0a00000,0x00000000e44abf58,0x00000000e6980000)
 Metaspace       used 3869K, capacity 4614K, committed 4864K, reserved 1056768K
  class space    used 408K, capacity 430K, committed 512K, reserved 1048576K
Event: 8,710 GC heap after
Heap after GC invocations=12 (full 3):
 PSYoungGen      total 55296K, used 25589K [0x00000000f5900000, 0x00000000fc400000, 0x0000000100000000)
  eden space 29696K, 0% used [0x00000000f5900000,0x00000000f5900000,0x00000000f7600000)
  from space 25600K, 99% used [0x00000000f7600000,0x00000000f8efd7a0,0x00000000f8f00000)
  to   space 35840K, 0% used [0x00000000fa100000,0x00000000fa100000,0x00000000fc400000)
 ParOldGen       total 97792K, used 75511K [0x00000000e0a00000, 0x00000000e6980000, 0x00000000f5900000)
  object space 97792K, 77% used [0x00000000e0a00000,0x00000000e53bdf58,0x00000000e6980000)
 Metaspace       used 3869K, capacity 4614K, committed 4864K, reserved 1056768K
  class space    used 408K, capacity 430K, committed 512K, reserved 1048576K
}
Event: 8,764 GC heap before
{Heap before GC invocations=13 (full 3):
 PSYoungGen      total 55296K, used 55285K [0x00000000f5900000, 0x00000000fc400000, 0x0000000100000000)
  eden space 29696K, 100% used [0x00000000f5900000,0x00000000f7600000,0x00000000f7600000)
  from space 25600K, 99% used [0x00000000f7600000,0x00000000f8efd7a0,0x00000000f8f00000)
  to   space 35840K, 0% used [0x00000000fa100000,0x00000000fa100000,0x00000000fc400000)
 ParOldGen       total 97792K, used 75511K [0x00000000e0a00000, 0x00000000e6980000, 0x00000000f5900000)
  object space 97792K, 77% used [0x00000000e0a00000,0x00000000e53bdf58,0x00000000e6980000)
 Metaspace       used 3869K, capacity 4614K, committed 4864K, reserved 1056768K
  class space    used 408K, capacity 430K, committed 512K, reserved 1048576K
Event: 12,012 GC heap after
Heap after GC invocations=13 (full 3):
 PSYoungGen      total 64512K, used 35808K [0x00000000f5900000, 0x00000000fd780000, 0x0000000100000000)
  eden space 28672K, 0% used [0x00000000f5900000,0x00000000f5900000,0x00000000f7500000)
  from space 35840K, 99% used [0x00000000fa100000,0x00000000fc3f8368,0x00000000fc400000)
  to   space 45056K, 0% used [0x00000000f7500000,0x00000000f7500000,0x00000000fa100000)
 ParOldGen       total 97792K, used 85671K [0x00000000e0a00000, 0x00000000e6980000, 0x00000000f5900000)
  object space 97792K, 87% used [0x00000000e0a00000,0x00000000e5da9f58,0x00000000e6980000)
 Metaspace       used 3869K, capacity 4614K, committed 4864K, reserved 1056768K
  class space    used 408K, capacity 430K, committed 512K, reserved 1048576K
}
Event: 14,337 GC heap before
{Heap before GC invocations=14 (full 4):
 PSYoungGen      total 64512K, used 35808K [0x00000000f5900000, 0x00000000fd780000, 0x0000000100000000)
  eden space 28672K, 0% used [0x00000000f5900000,0x00000000f5900000,0x00000000f7500000)
  from space 35840K, 99% used [0x00000000fa100000,0x00000000fc3f8368,0x00000000fc400000)
  to   space 45056K, 0% used [0x00000000f7500000,0x00000000f7500000,0x00000000fa100000)
 ParOldGen       total 97792K, used 85671K [0x00000000e0a00000, 0x00000000e6980000, 0x00000000f5900000)
  object space 97792K, 87% used [0x00000000e0a00000,0x00000000e5da9f58,0x00000000e6980000)
 Metaspace       used 3869K, capacity 4614K, committed 4864K, reserved 1056768K
  class space    used 408K, capacity 430K, committed 512K, reserved 1048576K

